<?xml version="1.0" encoding="UTF-8"?>
<!-- Generated by org.testng.reporters.JUnitReportReporter -->
<testsuite hostname="DESKTOP-56HS7NB" failures="0" tests="4" name="testng.AnnotationAttribute" time="215.163" errors="0" timestamp="2024-10-17T13:40:07 IST" skipped="0">
  <testcase classname="testng.AnnotationAttribute" name="register" time="29.937"/>
  <system-out>
    <![CDATA[register is successful]]>
  </system-out>
  <testcase classname="testng.AnnotationAttribute" name="register" time="17.529"/>
  <system-out>
    <![CDATA[register is successful]]>
  </system-out>
  <testcase classname="testng.AnnotationAttribute" name="register" time="162.434"/>
  <system-out>
    <![CDATA[register is successful]]>
  </system-out>
  <testcase classname="testng.AnnotationAttribute" name="login" time="5.263"/>
  <system-out>
    <![CDATA[login is successful]]>
  </system-out>
</testsuite> <!-- testng.AnnotationAttribute -->
