<?xml version="1.0" encoding="UTF-8"?>
<!-- Generated by org.testng.reporters.JUnitReportReporter -->
<testsuite hostname="DESKTOP-56HS7NB" failures="0" tests="3" name="testng.DependsonMethods" time="63.104" errors="0" timestamp="2024-10-18T12:49:45 IST" skipped="0">
  <testcase classname="testng.DependsonMethods" name="register" time="10.983"/>
  <system-out>
    <![CDATA[Register is successful]]>
  </system-out>
  <testcase classname="testng.DependsonMethods" name="login" time="25.723"/>
  <system-out>
    <![CDATA[login is successful]]>
  </system-out>
  <testcase classname="testng.DependsonMethods" name="addToCart" time="26.398"/>
  <system-out>
    <![CDATA[product added to cart successful]]>
  </system-out>
</testsuite> <!-- testng.DependsonMethods -->
