<?xml version="1.0" encoding="UTF-8"?>
<!-- Generated by org.testng.reporters.JUnitReportReporter -->
<testsuite hostname="DESKTOP-56HS7NB" failures="0" tests="2" name="testng.ConfigurationAnnotations" time="0.028" errors="0" timestamp="2024-10-19T13:44:03 IST" skipped="0">
  <testcase classname="testng.ConfigurationAnnotations" name="sample" time="0.008"/>
  <system-out>
    <![CDATA[sample test case]]>
  </system-out>
  <testcase classname="testng.ConfigurationAnnotations" name="demo" time="0.020"/>
  <system-out>
    <![CDATA[@test demo test case executed]]>
  </system-out>
</testsuite> <!-- testng.ConfigurationAnnotations -->
