<?xml version="1.0" encoding="UTF-8"?>
<!-- Generated by org.testng.reporters.JUnitReportReporter -->
<testsuite hostname="DESKTOP-56HS7NB" failures="0" tests="1" name="cars.Bmw" time="79.009" errors="0" timestamp="2024-10-18T13:55:37 IST" skipped="0">
  <testcase classname="cars.Bmw" name="launch" time="79.009"/>
  <system-out>
    <![CDATA[BMW launched successfull]]>
  </system-out>
</testsuite> <!-- cars.Bmw -->
