<?xml version="1.0" encoding="UTF-8"?>
<!-- Generated by org.testng.reporters.JUnitReportReporter -->
<testsuite hostname="DESKTOP-56HS7NB" failures="0" tests="1" name="Assertion.ToLearnSoftAssert" time="13.711" errors="0" timestamp="2024-10-23T13:59:16 IST" skipped="0">
  <testcase classname="Assertion.ToLearnSoftAssert" name="login" time="13.711"/>
  <system-out>
    <![CDATA[welcome page is displayed
login page is displayed
home page is displayed]]>
  </system-out>
</testsuite> <!-- Assertion.ToLearnSoftAssert -->
