<?xml version="1.0" encoding="UTF-8"?>
<!-- Generated by org.testng.reporters.JUnitReportReporter -->
<testsuite hostname="DESKTOP-56HS7NB" failures="0" tests="1" name="cars.RangeRover" time="196.193" errors="0" timestamp="2024-10-18T13:41:52 IST" skipped="0">
  <testcase classname="cars.RangeRover" name="launch" time="196.193"/>
  <system-out>
    <![CDATA[Range Rover launched successfull]]>
  </system-out>
</testsuite> <!-- cars.RangeRover -->
