<?xml version="1.0" encoding="UTF-8"?>
<!-- Generated by org.testng.reporters.JUnitReportReporter -->
<testsuite hostname="DESKTOP-56HS7NB" failures="0" tests="1" name="Assertion.JavaConditions" time="19.252" errors="0" timestamp="2024-10-23T13:17:49 IST" skipped="0">
  <testcase classname="Assertion.JavaConditions" name="login" time="19.252"/>
  <system-out>
    <![CDATA[welcome page is displayed
login page is displayed
home page is displayed]]>
  </system-out>
</testsuite> <!-- Assertion.JavaConditions -->
