<?xml version="1.0" encoding="UTF-8"?>
<!-- Generated by org.testng.reporters.JUnitReportReporter -->
<testsuite hostname="DESKTOP-56HS7NB" failures="0" tests="1" name="testng.AssignmentTestScript" time="3.275" errors="0" timestamp="2024-10-23T11:36:15 IST" skipped="0">
  <testcase classname="testng.AssignmentTestScript" name="clickonSales" time="3.275"/>
  <system-out>
    <![CDATA[Sales history is displayed]]>
  </system-out>
</testsuite> <!-- testng.AssignmentTestScript -->
