<?xml version="1.0" encoding="UTF-8"?>
<!-- Generated by org.testng.reporters.JUnitReportReporter -->
<testsuite hostname="DESKTOP-56HS7NB" failures="0" tests="1" name="crossBrowserTesting.ToLearnCrossBrowserTesting" time="20.855" errors="0" timestamp="2024-10-25T13:43:18 IST" skipped="0">
  <testcase classname="crossBrowserTesting.ToLearnCrossBrowserTesting" name="launch" time="20.855"/>
  <system-out/>
</testsuite> <!-- crossBrowserTesting.ToLearnCrossBrowserTesting -->
