<?xml version="1.0" encoding="UTF-8"?>
<!-- Generated by org.testng.reporters.JUnitReportReporter -->
<testsuite hostname="DESKTOP-56HS7NB" failures="0" tests="3" name="testng.TestScript" time="25.168" errors="0" timestamp="2024-10-25T13:59:47 IST" skipped="0">
  <testcase classname="testng.TestScript" name="clickonBooks" time="6.636"/>
  <system-out>
    <![CDATA[Books page is displayed]]>
  </system-out>
  <testcase classname="testng.TestScript" name="clickonBooks" time="7.183"/>
  <system-out>
    <![CDATA[Books page is displayed]]>
  </system-out>
  <testcase classname="testng.TestScript" name="clickonBooks" time="11.349"/>
  <system-out>
    <![CDATA[Books page is displayed]]>
  </system-out>
</testsuite> <!-- testng.TestScript -->
