<?xml version="1.0" encoding="UTF-8"?>
<!-- Generated by org.testng.reporters.JUnitReportReporter -->
<testsuite hostname="DESKTOP-56HS7NB" failures="0" tests="6" name="testng.Assignment20" time="68.636" errors="0" timestamp="2024-10-18T10:35:34 IST" skipped="0">
  <testcase classname="testng.Assignment20" name="createAccount" time="8.681"/>
  <system-out>
    <![CDATA[created account successful]]>
  </system-out>
  <testcase classname="testng.Assignment20" name="createAccount" time="16.786"/>
  <system-out>
    <![CDATA[created account successful]]>
  </system-out>
  <testcase classname="testng.Assignment20" name="editAccount" time="11.867"/>
  <system-out>
    <![CDATA[edited account successful]]>
  </system-out>
  <testcase classname="testng.Assignment20" name="editAccount" time="11.834"/>
  <system-out>
    <![CDATA[edited account successful]]>
  </system-out>
  <testcase classname="testng.Assignment20" name="editAccount" time="12.526"/>
  <system-out>
    <![CDATA[edited account successful]]>
  </system-out>
  <testcase classname="testng.Assignment20" name="deleteAccount" time="6.942"/>
  <system-out>
    <![CDATA[deleted account successful]]>
  </system-out>
</testsuite> <!-- testng.Assignment20 -->
