<?xml version="1.0" encoding="UTF-8"?>
<!-- Generated by org.testng.reporters.JUnitReportReporter -->
<testsuite hostname="DESKTOP-56HS7NB" failures="0" tests="3" name="testng.ToLearnTestNg" time="0.032" errors="0" timestamp="2024-10-17T12:59:23 IST" skipped="0">
  <testcase classname="testng.ToLearnTestNg" name="sample" time="0.004"/>
  <system-out>
    <![CDATA[sample testcase executed]]>
  </system-out>
  <testcase classname="testng.ToLearnTestNg" name="add" time="0.024"/>
  <system-out>
    <![CDATA[add test case executed]]>
  </system-out>
  <testcase classname="testng.ToLearnTestNg" name="demo" time="0.004"/>
  <system-out>
    <![CDATA[demo testcase executed]]>
  </system-out>
</testsuite> <!-- testng.ToLearnTestNg -->
