<?xml version="1.0" encoding="UTF-8"?>
<!-- Generated by org.testng.reporters.JUnitReportReporter -->
<testsuite hostname="DESKTOP-56HS7NB" failures="0" tests="1" name="crossBrowserTesting.TestScriptCrossBrowser" time="6.546" errors="0" timestamp="2024-10-26T13:15:27 IST" skipped="0">
  <testcase classname="crossBrowserTesting.TestScriptCrossBrowser" name="clickOnSales" time="6.546"/>
  <system-out>
    <![CDATA[sales page is displayed]]>
  </system-out>
</testsuite> <!-- crossBrowserTesting.TestScriptCrossBrowser -->
